[    0.000000] Linux version 4.15.0-99-generic (buildd@lcy01-amd64-013) (gcc version 7.5.0 (Ubuntu 7.5.0-3ubuntu1~18.04)) #100-Ubuntu SMP Wed Apr 22 20:32:56 UTC 2020 (Ubuntu 4.15.0-99.100-generic 4.15.18)
[    0.000000] Command line: BOOT_IMAGE=/boot/vmlinuz-4.15.0-99-generic root=LABEL=cloudimg-rootfs ro console=tty1 console=ttyS0
[    0.000000] KERNEL supported cpus:
[    0.000000]   Intel GenuineIntel
[    0.000000]   AMD AuthenticAMD
[    0.000000]   Centaur CentaurHauls
[    0.000000] x86/fpu: Supporting XSAVE feature 0x001: 'x87 floating point registers'
[    0.000000] x86/fpu: Supporting XSAVE feature 0x002: 'SSE registers'
[    0.000000] x86/fpu: Supporting XSAVE feature 0x004: 'AVX registers'
[    0.000000] x86/fpu: xstate_offset[2]:  576, xstate_sizes[2]:  256
[    0.000000] x86/fpu: Enabled xstate features 0x7, context size is 832 bytes, using 'standard' format.
[    0.000000] e820: BIOS-provided physical RAM map:
[    0.000000] BIOS-e820: [mem 0x0000000000000000-0x000000000009fbff] usable
[    0.000000] BIOS-e820: [mem 0x000000000009fc00-0x000000000009ffff] reserved
[    0.000000] BIOS-e820: [mem 0x00000000000f0000-0x00000000000fffff] reserved
[    0.000000] BIOS-e820: [mem 0x0000000000100000-0x000000003ffeffff] usable
[    0.000000] BIOS-e820: [mem 0x000000003fff0000-0x000000003fffffff] ACPI data
[    0.000000] BIOS-e820: [mem 0x00000000fec00000-0x00000000fec00fff] reserved
[    0.000000] BIOS-e820: [mem 0x00000000fee00000-0x00000000fee00fff] reserved
[    0.000000] BIOS-e820: [mem 0x00000000fffc0000-0x00000000ffffffff] reserved
[    0.000000] NX (Execute Disable) protection: active
[    0.000000] SMBIOS 2.5 present.
[    0.000000] DMI: innotek GmbH VirtualBox/VirtualBox, BIOS VirtualBox 12/01/2006
[    0.000000] Hypervisor detected: KVM
[    0.000000] e820: last_pfn = 0x3fff0 max_arch_pfn = 0x400000000
[    0.000000] MTRR: Disabled
[    0.000000] x86/PAT: MTRRs disabled, skipping PAT initialization too.
[    0.000000] CPU MTRRs all blank - virtualized system.
[    0.000000] x86/PAT: Configuration [0-7]: WB  WT  UC- UC  WB  WT  UC- UC  
[    0.000000] found SMP MP-table at [mem 0x0009fff0-0x0009ffff]
[    0.000000] Scanning 1 areas for low memory corruption
[    0.000000] RAMDISK: [mem 0x35a6f000-0x36d2efff]
[    0.000000] ACPI: Early table checksum verification disabled
[    0.000000] ACPI: RSDP 0x00000000000E0000 000024 (v02 VBOX  )
[    0.000000] ACPI: XSDT 0x000000003FFF0030 00003C (v01 VBOX   VBOXXSDT 00000001 ASL  00000061)
[    0.000000] ACPI: FACP 0x000000003FFF00F0 0000F4 (v04 VBOX   VBOXFACP 00000001 ASL  00000061)
[    0.000000] ACPI: DSDT 0x000000003FFF0470 002325 (v02 VBOX   VBOXBIOS 00000002 INTL 20100528)
[    0.000000] ACPI: FACS 0x000000003FFF0200 000040
[    0.000000] ACPI: FACS 0x000000003FFF0200 000040
[    0.000000] ACPI: APIC 0x000000003FFF0240 00005C (v02 VBOX   VBOXAPIC 00000001 ASL  00000061)
[    0.000000] ACPI: SSDT 0x000000003FFF02A0 0001CC (v01 VBOX   VBOXCPUT 00000002 INTL 20100528)
[    0.000000] No NUMA configuration found
[    0.000000] Faking a node at [mem 0x0000000000000000-0x000000003ffeffff]
[    0.000000] NODE_DATA(0) allocated [mem 0x3ffc5000-0x3ffeffff]
[    0.000000] kvm-clock: cpu 0, msr 0:3ff44001, primary cpu clock
[    0.000000] kvm-clock: Using msrs 4b564d01 and 4b564d00
[    0.000000] kvm-clock: using sched offset of 5261665765 cycles
[    0.000000] clocksource: kvm-clock: mask: 0xffffffffffffffff max_cycles: 0x1cd42e4dffb, max_idle_ns: 881590591483 ns
[    0.000000] Zone ranges:
[    0.000000]   DMA      [mem 0x0000000000001000-0x0000000000ffffff]
[    0.000000]   DMA32    [mem 0x0000000001000000-0x000000003ffeffff]
[    0.000000]   Normal   empty
[    0.000000]   Device   empty
[    0.000000] Movable zone start for each node
[    0.000000] Early memory node ranges
[    0.000000]   node   0: [mem 0x0000000000001000-0x000000000009efff]
[    0.000000]   node   0: [mem 0x0000000000100000-0x000000003ffeffff]
[    0.000000] Reserved but unavailable: 98 pages
[    0.000000] Initmem setup node 0 [mem 0x0000000000001000-0x000000003ffeffff]
[    0.000000] ACPI: PM-Timer IO Port: 0x4008
[    0.000000] IOAPIC[0]: apic_id 2, version 32, address 0xfec00000, GSI 0-23
[    0.000000] ACPI: INT_SRC_OVR (bus 0 bus_irq 0 global_irq 2 dfl dfl)
[    0.000000] ACPI: INT_SRC_OVR (bus 0 bus_irq 9 global_irq 9 low level)
[    0.000000] Using ACPI (MADT) for SMP configuration information
[    0.000000] smpboot: Allowing 2 CPUs, 0 hotplug CPUs
[    0.000000] PM: Registered nosave memory: [mem 0x00000000-0x00000fff]
[    0.000000] PM: Registered nosave memory: [mem 0x0009f000-0x0009ffff]
[    0.000000] PM: Registered nosave memory: [mem 0x000a0000-0x000effff]
[    0.000000] PM: Registered nosave memory: [mem 0x000f0000-0x000fffff]
[    0.000000] e820: [mem 0x40000000-0xfebfffff] available for PCI devices
[    0.000000] Booting paravirtualized kernel on KVM
[    0.000000] clocksource: refined-jiffies: mask: 0xffffffff max_cycles: 0xffffffff, max_idle_ns: 7645519600211568 ns
[    0.000000] random: get_random_bytes called from start_kernel+0x99/0x4fd with crng_init=0
[    0.000000] setup_percpu: NR_CPUS:8192 nr_cpumask_bits:2 nr_cpu_ids:2 nr_node_ids:1
[    0.000000] percpu: Embedded 45 pages/cpu s147456 r8192 d28672 u1048576
[    0.000000] PV qspinlock hash table entries: 256 (order: 0, 4096 bytes)
[    0.000000] Built 1 zonelists, mobility grouping on.  Total pages: 257913
[    0.000000] Policy zone: DMA32
[    0.000000] Kernel command line: BOOT_IMAGE=/boot/vmlinuz-4.15.0-99-generic root=LABEL=cloudimg-rootfs ro console=tty1 console=ttyS0
[    0.000000] Memory: 983068K/1048120K available (12300K kernel code, 2481K rwdata, 4268K rodata, 2432K init, 2712K bss, 65052K reserved, 0K cma-reserved)
[    0.000000] SLUB: HWalign=64, Order=0-3, MinObjects=0, CPUs=2, Nodes=1
[    0.000000] Kernel/User page tables isolation: enabled
[    0.000000] ftrace: allocating 39364 entries in 154 pages
[    0.004000] Hierarchical RCU implementation.
[    0.004000] 	RCU restricting CPUs from NR_CPUS=8192 to nr_cpu_ids=2.
[    0.004000] 	Tasks RCU enabled.
[    0.004000] RCU: Adjusting geometry for rcu_fanout_leaf=16, nr_cpu_ids=2
[    0.004000] NR_IRQS: 524544, nr_irqs: 440, preallocated irqs: 16
[    0.004000] Console: colour VGA+ 80x25
[    0.004000] console [tty1] enabled
[    0.004000] console [ttyS0] enabled
[    0.004000] ACPI: Core revision 20170831
[    0.004000] ACPI: 2 ACPI AML tables successfully acquired and loaded
[    0.004000] APIC: Switch to symmetric I/O mode setup
[    0.004000] x2apic enabled
[    0.004000] Switched APIC routing to physical x2apic.
[    0.006389] ..TIMER: vector=0x30 apic1=0 pin1=2 apic2=-1 pin2=-1
[    0.008003] tsc: Detected 1991.999 MHz processor
[    0.009602] Calibrating delay loop (skipped) preset value.. 3983.99 BogoMIPS (lpj=7967996)
[    0.012004] pid_max: default: 32768 minimum: 301
[    0.013584] Security Framework initialized
[    0.016003] Yama: becoming mindful.
[    0.017249] AppArmor: AppArmor initialized
[    0.021491] Dentry cache hash table entries: 131072 (order: 8, 1048576 bytes)
[    0.023866] Inode-cache hash table entries: 65536 (order: 7, 524288 bytes)
[    0.024020] Mount-cache hash table entries: 2048 (order: 2, 16384 bytes)
[    0.026160] Mountpoint-cache hash table entries: 2048 (order: 2, 16384 bytes)
[    0.028439] Last level iTLB entries: 4KB 64, 2MB 8, 4MB 8
[    0.030202] Last level dTLB entries: 4KB 64, 2MB 0, 4MB 0, 1GB 4
[    0.032004] Spectre V1 : Mitigation: usercopy/swapgs barriers and __user pointer sanitization
[    0.036003] Spectre V2 : Mitigation: Full generic retpoline
[    0.037803] Spectre V2 : Spectre v2 / SpectreRSB mitigation: Filling RSB on context switch
[    0.040003] Speculative Store Bypass: Vulnerable
[    0.041599] MDS: Vulnerable: Clear CPU buffers attempted, no microcode
[    0.044319] Freeing SMP alternatives memory: 36K
[    0.158230] smpboot: CPU0: Intel(R) Core(TM) i3-6006U CPU @ 2.00GHz (family: 0x6, model: 0x4e, stepping: 0x3)
[    0.160000] Performance Events: unsupported p6 CPU model 78 no PMU driver, software events only.
[    0.160060] Hierarchical SRCU implementation.
[    0.164853] NMI watchdog: Perf event create on CPU 0 failed with -2
[    0.167025] NMI watchdog: Perf NMI watchdog permanently disabled
[    0.168080] smp: Bringing up secondary CPUs ...
[    0.169837] x86: Booting SMP configuration:
[    0.172003] .... node  #0, CPUs:      #1
[    0.004000] kvm-clock: cpu 1, msr 0:3ff44041, secondary cpu clock
[    0.179349] smp: Brought up 1 node, 2 CPUs
[    0.180006] smpboot: Max logical packages: 1
[    0.181604] smpboot: Total of 2 processors activated (7967.99 BogoMIPS)
[    0.184176] devtmpfs: initialized
[    0.185323] x86/mm: Memory block size: 128MB
[    0.188260] evm: security.selinux
[    0.189488] evm: security.SMACK64
[    0.190720] evm: security.SMACK64EXEC
[    0.192004] evm: security.SMACK64TRANSMUTE
[    0.193488] evm: security.SMACK64MMAP
[    0.194819] evm: security.apparmor
[    0.196003] evm: security.ima
[    0.197155] evm: security.capability
[    0.198524] clocksource: jiffies: mask: 0xffffffff max_cycles: 0xffffffff, max_idle_ns: 7645041785100000 ns
[    0.200014] futex hash table entries: 512 (order: 3, 32768 bytes)
[    0.205366] pinctrl core: initialized pinctrl subsystem
[    0.208168] RTC time: 14:41:22, date: 05/10/20
[    0.210043] NET: Registered protocol family 16
[    0.212153] audit: initializing netlink subsys (disabled)
[    0.214100] audit: type=2000 audit(1589121689.458:1): state=initialized audit_enabled=0 res=1
[    0.216016] cpuidle: using governor ladder
[    0.217665] cpuidle: using governor menu
[    0.220062] ACPI: bus type PCI registered
[    0.221523] acpiphp: ACPI Hot Plug PCI Controller Driver version: 0.5
[    0.224159] PCI: Using configuration type 1 for base access
[    0.229020] HugeTLB registered 2.00 MiB page size, pre-allocated 0 pages
[    0.232128] ACPI: Added _OSI(Module Device)
[    0.233573] ACPI: Added _OSI(Processor Device)
[    0.236011] ACPI: Added _OSI(3.0 _SCP Extensions)
[    0.237640] ACPI: Added _OSI(Processor Aggregator Device)
[    0.240009] ACPI: Added _OSI(Linux-Dell-Video)
[    0.241568] ACPI: Added _OSI(Linux-Lenovo-NV-HDMI-Audio)
[    0.243434] ACPI: Added _OSI(Linux-HPI-Hybrid-Graphics)
[    0.244530] ACPI: Executed 1 blocks of module-level executable AML code
[    0.255291] ACPI: Interpreter enabled
[    0.256020] ACPI: (supports S0 S5)
[    0.257320] ACPI: Using IOAPIC for interrupt routing
[    0.259501] PCI: Using host bridge windows from ACPI; if necessary, use "pci=nocrs" and report a bug
[    0.260310] ACPI: Enabled 2 GPEs in block 00 to 07
[    0.276771] ACPI: PCI Root Bridge [PCI0] (domain 0000 [bus 00-ff])
[    0.278984] acpi PNP0A03:00: _OSC: OS supports [ASPM ClockPM Segments MSI]
[    0.280987] acpi PNP0A03:00: _OSC: not requesting OS control; OS requires [ExtendedConfig ASPM ClockPM MSI]
[    0.284022] acpi PNP0A03:00: fail to add MMCONFIG information, can't access extended PCI configuration space under this bridge.
[    0.288735] PCI host bridge to bus 0000:00
[    0.292005] pci_bus 0000:00: root bus resource [io  0x0000-0x0cf7 window]
[    0.294293] pci_bus 0000:00: root bus resource [io  0x0d00-0xffff window]
[    0.296005] pci_bus 0000:00: root bus resource [mem 0x000a0000-0x000bffff window]
[    0.298602] pci_bus 0000:00: root bus resource [mem 0x40000000-0xfdffffff window]
[    0.300005] pci_bus 0000:00: root bus resource [bus 00-ff]
[    0.308536] pci 0000:00:01.1: legacy IDE quirk: reg 0x10: [io  0x01f0-0x01f7]
[    0.311062] pci 0000:00:01.1: legacy IDE quirk: reg 0x14: [io  0x03f6]
[    0.312004] pci 0000:00:01.1: legacy IDE quirk: reg 0x18: [io  0x0170-0x0177]
[    0.314390] pci 0000:00:01.1: legacy IDE quirk: reg 0x1c: [io  0x0376]
[    0.343755] pci 0000:00:07.0: quirk: [io  0x4000-0x403f] claimed by PIIX4 ACPI
[    0.344027] pci 0000:00:07.0: quirk: [io  0x4100-0x410f] claimed by PIIX4 SMB
[    0.358121] ACPI: PCI Interrupt Link [LNKA] (IRQs 5 9 10 *11)
[    0.360169] ACPI: PCI Interrupt Link [LNKB] (IRQs 5 9 *10 11)
[    0.362313] ACPI: PCI Interrupt Link [LNKC] (IRQs 5 *9 10 11)
[    0.364222] ACPI: PCI Interrupt Link [LNKD] (IRQs 5 9 10 *11)
[    0.366604] SCSI subsystem initialized
[    0.368044] pci 0000:00:02.0: vgaarb: setting as boot VGA device
[    0.370039] pci 0000:00:02.0: vgaarb: VGA device added: decodes=io+mem,owns=io+mem,locks=none
[    0.372007] pci 0000:00:02.0: vgaarb: bridge control possible
[    0.373940] vgaarb: loaded
[    0.376035] ACPI: bus type USB registered
[    0.377445] usbcore: registered new interface driver usbfs
[    0.380018] usbcore: registered new interface driver hub
[    0.381820] usbcore: registered new device driver usb
[    0.384024] EDAC MC: Ver: 3.0.0
[    0.385796] PCI: Using ACPI for IRQ routing
[    0.385956] NetLabel: Initializing
[    0.388003] NetLabel:  domain hash size = 128
[    0.389541] NetLabel:  protocols = UNLABELED CIPSOv4 CALIPSO
[    0.392026] NetLabel:  unlabeled traffic allowed by default
[    0.393977] clocksource: Switched to clocksource kvm-clock
[    0.412235] VFS: Disk quotas dquot_6.6.0
[    0.413754] VFS: Dquot-cache hash table entries: 512 (order 0, 4096 bytes)
[    0.416288] AppArmor: AppArmor Filesystem Enabled
[    0.417969] pnp: PnP ACPI init
[    0.421042] pnp: PnP ACPI: found 3 devices
[    0.438921] clocksource: acpi_pm: mask: 0xffffff max_cycles: 0xffffff, max_idle_ns: 2085701024 ns
[    0.442228] NET: Registered protocol family 2
[    0.444066] TCP established hash table entries: 8192 (order: 4, 65536 bytes)
[    0.446581] TCP bind hash table entries: 8192 (order: 5, 131072 bytes)
[    0.450109] TCP: Hash tables configured (established 8192 bind 8192)
[    0.452344] UDP hash table entries: 512 (order: 2, 16384 bytes)
[    0.454440] UDP-Lite hash table entries: 512 (order: 2, 16384 bytes)
[    0.456719] NET: Registered protocol family 1
[    0.458554] pci 0000:00:00.0: Limiting direct PCI/PCI transfers
[    0.460678] pci 0000:00:01.0: Activating ISA DMA hang workarounds
[    0.462885] pci 0000:00:02.0: Video device with shadowed ROM at [mem 0x000c0000-0x000dffff]
[    0.466040] Unpacking initramfs...
[    0.899481] Freeing initrd memory: 19200K
[    0.901144] clocksource: tsc: mask: 0xffffffffffffffff max_cycles: 0x396d4ffc055, max_idle_ns: 881590662783 ns
[    0.904435] platform rtc_cmos: registered platform RTC device (no PNP device found)
[    0.907069] Scanning for low memory corruption every 60 seconds
[    0.910274] Initialise system trusted keyrings
[    0.911872] Key type blacklist registered
[    0.913601] workingset: timestamp_bits=36 max_order=18 bucket_order=0
[    0.918091] zbud: loaded
[    0.920093] squashfs: version 4.0 (2009/01/31) Phillip Lougher
[    0.922668] fuse init (API version 7.26)
[    0.929974] Key type asymmetric registered
[    0.931382] Asymmetric key parser 'x509' registered
[    0.933139] Block layer SCSI generic (bsg) driver version 0.4 loaded (major 246)
[    0.936579] io scheduler noop registered
[    0.938036] io scheduler deadline registered
[    0.939608] io scheduler cfq registered (default)
[    0.941823] ACPI: AC Adapter [AC] (on-line)
[    0.943412] input: Power Button as /devices/LNXSYSTM:00/LNXPWRBN:00/input/input0
[    0.946321] ACPI: Power Button [PWRF]
[    0.947811] input: Sleep Button as /devices/LNXSYSTM:00/LNXSLPBN:00/input/input1
[    0.950538] ACPI: Sleep Button [SLPF]
[    0.953752] ACPI: Battery Slot [BAT0] (battery present)
[    0.955919] Serial: 8250/16550 driver, 32 ports, IRQ sharing enabled
[    0.979632] 00:02: ttyS0 at I/O 0x3f8 (irq = 4, base_baud = 115200) is a 16550A
[    0.989938] Linux agpgart interface v0.103
[    0.994717] loop: module loaded
[    0.996961] scsi host0: ata_piix
[    0.998455] scsi host1: ata_piix
[    0.999675] ata1: PATA max UDMA/33 cmd 0x1f0 ctl 0x3f6 bmdma 0xd000 irq 14
[    1.002097] ata2: PATA max UDMA/33 cmd 0x170 ctl 0x376 bmdma 0xd008 irq 15
[    1.004855] libphy: Fixed MDIO Bus: probed
[    1.006561] tun: Universal TUN/TAP device driver, 1.6
[    1.008488] PPP generic driver version 2.4.2
[    1.010228] ehci_hcd: USB 2.0 'Enhanced' Host Controller (EHCI) Driver
[    1.012484] ehci-pci: EHCI PCI platform driver
[    1.014077] ehci-platform: EHCI generic platform driver
[    1.015954] ohci_hcd: USB 1.1 'Open' Host Controller (OHCI) Driver
[    1.018128] ohci-pci: OHCI PCI platform driver
[    1.019760] ohci-platform: OHCI generic platform driver
[    1.021643] uhci_hcd: USB Universal Host Controller Interface driver
[    1.023876] i8042: PNP: PS/2 Controller [PNP0303:PS2K,PNP0f03:PS2M] at 0x60,0x64 irq 1,12
[    1.027546] serio: i8042 KBD port at 0x60,0x64 irq 1
[    1.029436] serio: i8042 AUX port at 0x60,0x64 irq 12
[    1.031530] mousedev: PS/2 mouse device common for all mice
[    1.034634] rtc_cmos rtc_cmos: rtc core: registered rtc_cmos as rtc0
[    1.036942] input: AT Translated Set 2 keyboard as /devices/platform/i8042/serio0/input/input2
[    1.040334] rtc_cmos rtc_cmos: alarms up to one day, 114 bytes nvram
[    1.042507] i2c /dev entries driver
[    1.043896] device-mapper: uevent: version 1.0.3
[    1.045781] device-mapper: ioctl: 4.37.0-ioctl (2017-09-20) initialised: dm-devel@redhat.com
[    1.048827] ledtrig-cpu: registered to indicate activity on CPUs
[    1.051476] NET: Registered protocol family 10
[    1.058492] Segment Routing with IPv6
[    1.059860] NET: Registered protocol family 17
[    1.061633] Key type dns_resolver registered
[    1.063503] mce: Using 0 MCE banks
[    1.064871] RAS: Correctable Errors collector initialized.
[    1.066775] sched_clock: Marking stable (1064843141, 0)->(1364708378, -299865237)
[    1.070354] registered taskstats version 1
[    1.071885] Loading compiled-in X.509 certificates
[    1.076905] Loaded X.509 cert 'Build time autogenerated kernel key: 7480108fe56bba9284001dfb9078560125be4684'
[    1.080375] zswap: loaded using pool lzo/zbud
[    1.086990] Key type big_key registered
[    1.088457] Key type trusted registered
[    1.092537] Key type encrypted registered
[    1.094033] AppArmor: AppArmor sha1 policy hashing enabled
[    1.095965] ima: No TPM chip found, activating TPM-bypass! (rc=-19)
[    1.098206] ima: Allocated hash algorithm: sha1
[    1.099802] evm: HMAC attrs: 0x1
[    1.101492]   Magic number: 4:362:687
[    1.102974] rtc_cmos rtc_cmos: setting system clock to 2020-05-10 14:41:23 UTC (1589121683)
[    1.106144] BIOS EDD facility v0.16 2004-Jun-25, 0 devices found
[    1.108219] EDD information not available.
[    1.206439] Freeing unused kernel image memory: 2432K
[    1.404067] Write protecting the kernel read-only data: 20480k
[    1.406993] Freeing unused kernel image memory: 2008K
[    1.409363] Freeing unused kernel image memory: 1876K
[    1.424238] x86/mm: Checked W+X mappings: passed, no W+X pages found.
[    1.426429] x86/mm: Checking user space page tables
[    1.440735] x86/mm: Checked W+X mappings: passed, no W+X pages found.
Loading, please wait...
starting version 237
[    1.557197] e1000: Intel(R) PRO/1000 Network Driver - version 7.3.21-k8-NAPI
[    1.560545] e1000: Copyright (c) 1999-2006 Intel Corporation.
[    1.581277] Fusion MPT base driver 3.04.20
[    1.583304] Copyright (c) 1999-2008 LSI Corporation
[    1.604877] AVX2 version of gcm_enc/dec engaged.
[    1.606929] AES CTR mode by8 optimization enabled
[    1.622587] Fusion MPT SPI Host driver 3.04.20
[    1.782969] input: ImExPS/2 Generic Explorer Mouse as /devices/platform/i8042/serio1/input/input4
[    2.098649] e1000 0000:00:03.0 eth0: (PCI:33MHz:32-bit) 02:e1:77:94:14:ba
[    2.100970] e1000 0000:00:03.0 eth0: Intel(R) PRO/1000 Network Connection
[    2.104930] mptbase: ioc0: Initiating bringup
[    2.107558] e1000 0000:00:03.0 enp0s3: renamed from eth0
[    2.204473] ioc0: LSI53C1030 A0: Capabilities={Initiator}
[    2.588645] scsi host2: ioc0: LSI53C1030 A0, FwRev=00000000h, Ports=1, MaxQ=256, IRQ=20
[    2.757275] scsi 2:0:0:0: Direct-Access     VBOX     HARDDISK         1.0  PQ: 0 ANSI: 5
[    2.796045] scsi target2:0:0: Beginning Domain Validation
[    2.803491] scsi target2:0:0: Domain Validation skipping write tests
[    2.805885] scsi target2:0:0: Ending Domain Validation
[    2.807844] scsi target2:0:0: asynchronous
[    2.810980] scsi 2:0:1:0: Direct-Access     VBOX     HARDDISK         1.0  PQ: 0 ANSI: 5
[    2.844096] scsi target2:0:1: Beginning Domain Validation
[    2.848671] random: fast init done
[    2.851538] scsi target2:0:1: Domain Validation skipping write tests
[    2.854670] scsi target2:0:1: Ending Domain Validation
[    2.857554] scsi target2:0:1: asynchronous
[    2.867367] random: systemd-udevd: uninitialized urandom read (16 bytes read)
[    2.870957] sd 2:0:0:0: Attached scsi generic sg0 type 0
[    2.871441] sd 2:0:0:0: [sda] 20971520 512-byte logical blocks: (10.7 GB/10.0 GiB)
[    2.873751] random: systemd-udevd: uninitialized urandom read (16 bytes read)
[    2.878148] sd 2:0:0:0: [sda] Write Protect is off
[    2.881026] random: systemd-udevd: uninitialized urandom read (16 bytes read)
[    2.886827] sd 2:0:1:0: Attached scsi generic sg1 type 0
[    2.890042] sd 2:0:1:0: [sdb] 20480 512-byte logical blocks: (10.5 MB/10.0 MiB)
[    2.894128] sd 2:0:0:0: [sda] Incomplete mode parameter data
[    2.896576] sd 2:0:0:0: [sda] Assuming drive cache: write through
[    2.896683] sd 2:0:1:0: [sdb] Write Protect is off
[    2.901249] sd 2:0:1:0: [sdb] Incomplete mode parameter data
[    2.903324] sd 2:0:1:0: [sdb] Assuming drive cache: write through
[    2.907773]  sda: sda1
[    2.913239] sd 2:0:0:0: [sda] Attached SCSI disk
[    2.933876] sd 2:0:1:0: [sdb] Attached SCSI disk
Begin: Loading essential drivers ... [    4.936385] raid6: sse2x1   gen()  6853 MB/s
[    4.984055] raid6: sse2x1   xor()  4874 MB/s
[    5.032510] raid6: sse2x2   gen()  8164 MB/s
[    5.080320] raid6: sse2x2   xor()  5480 MB/s
[    5.128173] raid6: sse2x4   gen()  7326 MB/s
[    5.176145] raid6: sse2x4   xor()  4807 MB/s
[    5.224076] raid6: avx2x1   gen() 12941 MB/s
[    5.272082] raid6: avx2x1   xor()  8812 MB/s
[    5.320407] raid6: avx2x2   gen() 16495 MB/s
[    5.368717] raid6: avx2x2   xor() 10472 MB/s
[    5.416056] raid6: avx2x4   gen() 18483 MB/s
[    5.464365] raid6: avx2x4   xor() 11380 MB/s
[    5.465879] raid6: using algorithm avx2x4 gen() 18483 MB/s
[    5.467793] raid6: .... xor() 11380 MB/s, rmw enabled
[    5.469624] raid6: using avx2x2 recovery algorithm
[    5.473100] xor: automatically using best checksumming function   avx       
[    5.477345] async_tx: api initialized (async)
done.
Begin: Running /scripts/init-premount ... done.
Begin: Mounting root file system ... Begin: Running /scripts/local-top ... done.
Begin: Running /scripts/local-premount ... [    5.548071] Btrfs loaded, crc32c=crc32c-intel
Scanning for Btrfs filesystems
done.
Warning: fsck not present, so skipping root file system
[    5.636648] EXT4-fs (sda1): mounted filesystem with ordered data mode. Opts: (null)
done.
Begin: Running /scripts/local-bottom ... done.
Begin: Running /scripts/init-bottom ... done.
[    6.700478] ip_tables: (C) 2000-2006 Netfilter Core Team
[    6.782848] systemd[1]: systemd 237 running in system mode. (+PAM +AUDIT +SELINUX +IMA +APPARMOR +SMACK +SYSVINIT +UTMP +LIBCRYPTSETUP +GCRYPT +GNUTLS +ACL +XZ +LZ4 +SECCOMP +BLKID +ELFUTILS +KMOD -IDN2 +IDN -PCRE2 default-hierarchy=hybrid)
[    6.790464] systemd[1]: Detected virtualization oracle.
[    6.792448] systemd[1]: Detected architecture x86-64.

Welcome to [1mUbuntu 18.04.4 LTS[0m!

[    6.941703] systemd[1]: Set hostname to <ubuntu>.
[    7.045616] systemd[1]: Initializing machine ID from random generator.
[    7.047867] systemd[1]: Installed transient /etc/machine-id file.
[    7.634497] random: crng init done
[    7.636716] random: 7 urandom warning(s) missed due to ratelimiting
[    8.394021] systemd[1]: Reached target System Time Synchronized.
[[0;32m  OK  [0m] Reached target System Time Synchronized.
[    8.399851] systemd[1]: Created slice System Slice.
[[0;32m  OK  [0m] Created slice System Slice.
[    8.402527] systemd[1]: Listening on udev Control Socket.
[[0;32m  OK  [0m] Listening on udev Control Socket.
[    8.416325] systemd[1]: Listening on Network Service Netlink Socket.
[[0;32m  OK  [0m] Listening on Network Service Netlink Socket.
[[0;32m  OK  [0m] Listening on LVM2 metadata daemon socket.
[[0;32m  OK  [0m] Listening on Syslog Socket.
[[0;32m  OK  [0m] Listening on /dev/initctl Compatibility Named Pipe.
[[0;32m  OK  [0m] Reached target User and Group Name Lookups.
[[0;32m  OK  [0m] Created slice system-serial\x2dgetty.slice.
[[0;32m  OK  [0m] Listening on udev Kernel Socket.
[[0;32m  OK  [0m] Set up automount Arbitrary Executab…rmats File System Automount Point.
[[0;32m  OK  [0m] Listening on Device-mapper event daemon FIFOs.
[[0;32m  OK  [0m] Listening on LVM2 poll daemon socket.
[[0;32m  OK  [0m] Started Forward Password Requests to Wall Directory Watch.
[[0;32m  OK  [0m] Listening on Journal Audit Socket.
[[0;32m  OK  [0m] Listening on Journal Socket (/dev/log).
[[0;32m  OK  [0m] Listening on Journal Socket.
         Starting Uncomplicated firewall...
         Mounting Kernel Debug File System...
         Mounting POSIX Message Queue File System...
         Starting Create list of required st…ce nodes for the current kernel...
         Starting Monitoring of LVM2 mirrors…ng dmeventd or progress polling...
         Starting Journal Service...
         Mounting Huge Pages File System...
[[0;32m  OK  [0m] Reached target Swap.
[[0;32m  OK  [0m] Created slice User and Session Slice.
         Starting udev Coldplug all Devices...
[[0;32m  OK  [0m] Reached target Slices.
         Starting Load Kernel Modules...
         Starting Set the console keyboard layout...
         Starting Remount Root and Kernel File Systems...
[[0;32m  OK  [0m] Started Uncomplicated firewall.
[[0;32m  OK  [0m] Mounted Kernel Debug File System.
[[0;32m  OK  [0m] Mounted POSIX Message Queue File System.
[[0;32m  OK  [0m] Started Create list of required sta…vice nodes for the current kernel.
[[0;32m  OK  [0m] Mounted Huge Pages File System.
[[0;32m  OK  [0m] Started LVM2 metadata daemon.
         Starting Create Static Device Nodes in /dev...
[[0;32m  OK  [0m] Started Journal Service.
[    8.878688] Loading iSCSI transport class v2.0-870.
[[0;32m  OK  [0m] Started udev Coldplug all Devices.
[    9.108256] iscsi: registered transport (tcp)
[    9.192191] EXT4-fs (sda1): re-mounted. Opts: (null)
[[0;32m  OK  [0m] Started Remount Root and Kernel File Systems.
         Starting Load/Save Random Seed...
         Starting Flush Journal to Persistent Storage...
[    9.247806] iscsi: registered transport (iser)
[[0;32m  OK  [0m] Started Load Kernel Modules.
[[0;32m  OK  [0m] Started Create Static Device Nodes in /dev.
[[0;32m  OK  [0m] Started Load/Save Random Seed.
         Starting udev Kernel Device Manager...
         Starting Apply Kernel Variables...
         Mounting Kernel Configuration File System...
         Mounting FUSE Control File System...
[[0;32m  OK  [0m] Mounted FUSE Control File System.
[[0;32m  OK  [0m] Mounted Kernel Configuration File System.
[[0;32m  OK  [0m] Started Monitoring of LVM2 mirrors,…sing dmeventd or progress polling.
[    9.335393] systemd-journald[392]: Received request to flush runtime journal from PID 1
[[0;32m  OK  [0m] Started Apply Kernel Variables.
[[0;32m  OK  [0m] Started Flush Journal to Persistent Storage.
[[0;32m  OK  [0m] Started udev Kernel Device Manager.
[[0;32m  OK  [0m] Found device /dev/ttyS0.
[[0;32m  OK  [0m] Listening on Load/Save RF Kill Switch Status /dev/rfkill Watch.
[[0;32m  OK  [0m] Started Set the console keyboard layout.
[[0;32m  OK  [0m] Started Dispatch Password Requests to Console Directory Watch.
[[0;32m  OK  [0m] Reached target Local Encrypted Volumes.
[[0;32m  OK  [0m] Reached target Local File Systems (Pre).
[[0;32m  OK  [0m] Reached target Local File Systems.
         Starting Commit a transient machine-id on disk...
         Starting ebtables ruleset management...
         Starting Create Volatile Files and Directories...
         Starting Set console font and keymap...
         Starting Tell Plymouth To Write Out Runtime Data...
         Starting AppArmor initialization...
[[0;32m  OK  [0m] Started Set console font and keymap.
[[0;32m  OK  [0m] Started Tell Plymouth To Write Out Runtime Data.
[[0;32m  OK  [0m] Started Create Volatile Files and Directories.
         Starting Update UTMP about System Boot/Shutdown...
[[0;32m  OK  [0m] Started Update UTMP about System Boot/Shutdown.
[[0;32m  OK  [0m] Started Commit a transient machine-id on disk.
[[0;32m  OK  [0m] Started ebtables ruleset management.
[[0;32m  OK  [0m] Started AppArmor initialization.
         Starting Initial cloud-init job (pre-networking)...
[   19.474811] cloud-init[668]: Cloud-init v. 19.4-33-gbb4131a2-0ubuntu1~18.04.1 running 'init-local' at Sun, 10 May 2020 14:41:40 +0000. Up 18.38 seconds.
[[0;32m  OK  [0m] Started Initial cloud-init job (pre-networking).
[[0;32m  OK  [0m] Reached target Network (Pre).
         Starting Network Service...
[[0;32m  OK  [0m] Started Network Service.
         Starting Network Name Resolution...
         Starting Wait for Network to be Configured...
[[0;32m  OK  [0m] Started Network Name Resolution.
[[0;32m  OK  [0m] Reached target Network.
[[0;32m  OK  [0m] Reached target Host and Network Name Lookups.
[[0;32m  OK  [0m] Started Wait for Network to be Configured.
         Starting Initial cloud-init job (metadata service crawler)...
[   22.293742] cloud-init[790]: Cloud-init v. 19.4-33-gbb4131a2-0ubuntu1~18.04.1 running 'init' at Sun, 10 May 2020 14:41:44 +0000. Up 21.94 seconds.
[   22.300381] cloud-init[790]: ci-info: ++++++++++++++++++++++++++++++++++++++Net device info++++++++++++++++++++++++++++++++++++++
[   22.304667] cloud-init[790]: ci-info: +--------+------+----------------------------+---------------+--------+-------------------+
[   22.308153] cloud-init[790]: ci-info: | Device |  Up  |          Address           |      Mask     | Scope  |     Hw-Address    |
[   22.310975] cloud-init[790]: ci-info: +--------+------+----------------------------+---------------+--------+-------------------+
[   22.313709] cloud-init[790]: ci-info: | enp0s3 | True |         10.0.2.15          | 255.255.255.0 | global | 02:e1:77:94:14:ba |
[   22.316057] cloud-init[790]: ci-info: | enp0s3 | True | fe80::e1:77ff:fe94:14ba/64 |       .       |  link  | 02:e1:77:94:14:ba |
[   22.318619] cloud-init[790]: ci-info: |   lo   | True |         127.0.0.1          |   255.0.0.0   |  host  |         .         |
[   22.320969] cloud-init[790]: ci-info: |   lo   | True |          ::1/128           |       .       |  host  |         .         |
[   22.323453] cloud-init[790]: ci-info: +--------+------+----------------------------+---------------+--------+-------------------+
[   22.326116] cloud-init[790]: ci-info: ++++++++++++++++++++++++++++Route IPv4 info+++++++++++++++++++++++++++++
[   22.328331] cloud-init[790]: ci-info: +-------+-------------+----------+-----------------+-----------+-------+
[   22.330364] cloud-init[790]: ci-info: | Route | Destination | Gateway  |     Genmask     | Interface | Flags |
[   22.332638] cloud-init[790]: ci-info: +-------+-------------+----------+-----------------+-----------+-------+
[   22.334987] cloud-init[790]: ci-info: |   0   |   0.0.0.0   | 10.0.2.2 |     0.0.0.0     |   enp0s3  |   UG  |
[   22.337181] cloud-init[790]: ci-info: |   1   |   10.0.2.0  | 0.0.0.0  |  255.255.255.0  |   enp0s3  |   U   |
[   22.339226] cloud-init[790]: ci-info: |   2   |   10.0.2.2  | 0.0.0.0  | 255.255.255.255 |   enp0s3  |   UH  |
[   22.341465] cloud-init[790]: ci-info: +-------+-------------+----------+-----------------+-----------+-------+
[   22.343348] cloud-init[790]: ci-info: +++++++++++++++++++Route IPv6 info+++++++++++++++++++
[   22.345591] cloud-init[790]: ci-info: +-------+-------------+---------+-----------+-------+
[   22.347819] cloud-init[790]: ci-info: | Route | Destination | Gateway | Interface | Flags |
[   22.350142] cloud-init[790]: ci-info: +-------+-------------+---------+-----------+-------+
[   22.353000] cloud-init[790]: ci-info: |   1   |  fe80::/64  |    ::   |   enp0s3  |   U   |
[   22.355603] cloud-init[790]: ci-info: |   3   |    local    |    ::   |   enp0s3  |   U   |
[   22.358481] cloud-init[790]: ci-info: |   4   |   ff00::/8  |    ::   |   enp0s3  |   U   |
[   22.361523] cloud-init[790]: ci-info: +-------+-------------+---------+-----------+-------+
[   25.270607] cloud-init[790]: Generating public/private rsa key pair.
[   25.272111] cloud-init[790]: Your identification has been saved in /etc/ssh/ssh_host_rsa_key.
[   25.274063] cloud-init[790]: Your public key has been saved in /etc/ssh/ssh_host_rsa_key.pub.
[   25.276348] cloud-init[790]: The key fingerprint is:
[   25.277626] cloud-init[790]: SHA256:p8gNRwiN/Q5bOMrtND5d6Ejs9tF1t1XfRStHi+mVUs8 root@ubuntu-bionic
[   25.279860] cloud-init[790]: The key's randomart image is:
[   25.281460] cloud-init[790]: +---[RSA 2048]----+
[   25.282689] cloud-init[790]: |    .+         o.|
[   25.284136] cloud-init[790]: |    ..o.      =o=|
[   25.296575] cloud-init[790]: |      .o.    = *E|
[   25.308484] cloud-init[790]: |      +.o   . = =|
[   25.310128] cloud-init[790]: |   . +.*S.. ... =|
[   25.311217] cloud-init[790]: |    o.B=o+.. . .o|
[   25.312230] cloud-init[790]: |     *o=+..    . |
[   25.313307] cloud-init[790]: |      B o.       |
[   25.324345] cloud-init[790]: |     . o.        |
[   25.325421] cloud-init[790]: +----[SHA256]-----+
[   25.326512] cloud-init[790]: Generating public/private dsa key pair.
[   25.327985] cloud-init[790]: Your identification has been saved in /etc/ssh/ssh_host_dsa_key.
[   25.329940] cloud-init[790]: Your public key has been saved in /etc/ssh/ssh_host_dsa_key.pub.
[   25.331656] cloud-init[790]: The key fingerprint is:
[   25.332824] cloud-init[790]: SHA256:A47EOgp2UzhEltLAWL2Kuzu7Bpn2a7xw+GzQMVd6Luo root@ubuntu-bionic
[   25.334766] cloud-init[790]: The key's randomart image is:
[   25.335997] cloud-init[790]: +---[DSA 1024]----+
[   25.337087] cloud-init[790]: |oo==.            |
[   25.338179] cloud-init[790]: |.oo+o  .         |
[   25.339276] cloud-init[790]: |  .ooo+          |
[   25.340425] cloud-init[790]: |   =+= o         |
[   25.341520] cloud-init[790]: |.=++= + S        |
[   25.342626] cloud-init[790]: |B++o.. . .       |
[   25.343553] cloud-init[790]: |+++.. .          |
[   25.344671] cloud-init[790]: |o.=*             |
[   25.345733] cloud-init[790]: |**+Eo            |
[   25.346792] cloud-init[790]: +----[SHA256]-----+
[   25.347836] cloud-init[790]: Generating public/private ecdsa key pair.
[   25.349366] cloud-init[790]: Your identification has been saved in /etc/ssh/ssh_host_ecdsa_key.
[   25.351411] cloud-init[790]: Your public key has been saved in /etc/ssh/ssh_host_ecdsa_key.pub.
[   25.353109] cloud-init[790]: The key fingerprint is:
[   25.354326] cloud-init[790]: SHA256:CQD1MB5xiaezaG7JpaN+f/jBS78nzdqEd0oblaKo2S0 root@ubuntu-bionic
[   25.356328] cloud-init[790]: The key's randomart image is:
[   25.357557] cloud-init[790]: +---[ECDSA 256]---+
[   25.358631] cloud-init[790]: |  .oBo..         |
[   25.359727] cloud-init[790]: |   ..Bo          |
[   25.360828] cloud-init[790]: |    .oo          |
[   25.361873] cloud-init[790]: |    o  . .    .  |
[   25.362937] cloud-init[790]: |   . o  S  . o   |
[   25.363996] cloud-init[790]: |  o o . . o o    |
[   25.365161] cloud-init[790]: | + +  .= oo= .   |
[   25.366346] cloud-init[790]: |  B. .=E=.=+=    |
[   25.367408] cloud-init[790]: |o+...+o+.==+     |
[   25.368494] cloud-init[790]: +----[SHA256]-----+
[   25.369621] cloud-init[790]: Generating public/private ed25519 key pair.
[   25.371187] cloud-init[790]: Your identification has been saved in /etc/ssh/ssh_host_ed25519_key.
[   25.373148] cloud-init[790]: Your public key has been saved in /etc/ssh/ssh_host_ed25519_key.pub.
[   25.375110] cloud-init[790]: The key fingerprint is:
[   25.376242] cloud-init[790]: SHA256:MrWkhEDNDiScrDC7q5WVFDnFtmWGKTfLHt8zH9QxbNI root@ubuntu-bionic
[   25.378101] cloud-init[790]: The key's randomart image is:
[   25.379382] cloud-init[790]: +--[ED25519 256]--+
[   25.380555] cloud-init[790]: |+o=o.+.o     o   |
[   25.381653] cloud-init[790]: |o=..*oB +   . E  |
[   25.382716] cloud-init[790]: |oo oo*.Bo    + o |
[   25.392271] cloud-init[790]: |o  ..o=+ .  . .  |
[   25.393214] cloud-init[790]: | .  o.+oS. .     |
[   25.394293] cloud-init[790]: |.  o  .o. + .    |
[   25.395411] cloud-init[790]: | .o        + .   |
[   25.396567] cloud-init[790]: |..          .    |
[   25.397553] cloud-init[790]: |o                |
[   25.398633] cloud-init[790]: +----[SHA256]-----+
[[0;32m  OK  [0m] Started Initial cloud-init job (metadata service crawler).
[[0;32m  OK  [0m] Reached target Cloud-config availability.
[[0;32m  OK  [0m] Reached target Network is Online.
[[0;32m  OK  [0m] Reached target Remote File Systems (Pre).
[[0;32m  OK  [0m] Reached target Remote File Systems.
         Starting Availability of block devices...
[[0;32m  OK  [0m] Reached target System Initialization.
[[0;32m  OK  [0m] Started Discard unused blocks once a week.
[[0;32m  OK  [0m] Started ACPI Events Check.
[[0;32m  OK  [0m] Reached target Paths.
[[0;32m  OK  [0m] Started Daily Cleanup of Temporary Directories.
[[0;32m  OK  [0m] Started Daily apt download activities.
[[0;32m  OK  [0m] Listening on ACPID Listen Socket.
         Starting LXD - unix socket.
[[0;32m  OK  [0m] Listening on D-Bus System Message Bus Socket.
         Starting Socket activation for snappy daemon.
[[0;32m  OK  [0m] Listening on Open-iSCSI iscsid Socket.
[[0;32m  OK  [0m] Started Message of the Day.
[[0;32m  OK  [0m] Started Daily apt upgrade and clean activities.
[[0;32m  OK  [0m] Reached target Timers.
[[0;32m  OK  [0m] Listening on UUID daemon activation socket.
[[0;32m  OK  [0m] Started Availability of block devices.
[[0;32m  OK  [0m] Listening on LXD - unix socket.
[[0;32m  OK  [0m] Listening on Socket activation for snappy daemon.
[[0;32m  OK  [0m] Reached target Sockets.
[[0;32m  OK  [0m] Reached target Basic System.
[[0;32m  OK  [0m] Started D-Bus System Message Bus.
         Starting LSB: Record successful boot for GRUB...
         Starting LSB: automatic crash report generation...
[[0;32m  OK  [0m] Started Deferred execution scheduler.
         Starting Login Service...
         Starting System Logging Service...
[[0;32m  OK  [0m] Started FUSE filesystem for LXC.
[[0;32m  OK  [0m] Started irqbalance daemon.
[[0;32m  OK  [0m] Started Regular background program processing daemon.
         Starting Accounts Service...
         Starting Permit User Sessions...
         Starting Snappy daemon...
         Starting Virtualbox guest utils...
         Starting Pollinate to seed the pseudo random number generator...
         Starting Dispatcher daemon for systemd-networkd...
         Starting LXD - container startup/shutdown...
[[0;32m  OK  [0m] Started System Logging Service.
[[0;32m  OK  [0m] Started Permit User Sessions.
[[0;32m  OK  [0m] Started Login Service.
[[0;32m  OK  [0m] Started Unattended Upgrades Shutdown.
         Starting Hold until boot process finishes up...
         Starting Terminate Plymouth Boot Screen...
[[0;32m  OK  [0m] Started Hold until boot process finishes up.
         Starting Set console scheme...
[[0;32m  OK  [0m] Started Serial Getty on ttyS0.
[[0;32m  OK  [0m] Started Terminate Plymouth Boot Screen.
[[0;32m  OK  [0m] Started Set console scheme.
[[0;32m  OK  [0m] Created slice system-getty.slice.
[[0;32m  OK  [0m] Started Getty on tty1.
[[0;32m  OK  [0m] Reached target Login Prompts.
         Starting Authorization Manager...
[[0;32m  OK  [0m] Started LSB: automatic crash report generation.
[[0;32m  OK  [0m] Started Authorization Manager.
[[0;32m  OK  [0m] Started Accounts Service.
[[0;32m  OK  [0m] Started LSB: Record successful boot for GRUB.
[[0;32m  OK  [0m] Started Virtualbox guest utils.
[[0;32m  OK  [0m] Started Dispatcher daemon for systemd-networkd.
[[0;32m  OK  [0m] Started LXD - container startup/shutdown.
[[0;32m  OK  [0m] Started Snappy daemon.
         Starting Wait until snapd is fully seeded...
[[0;32m  OK  [0m] Started Pollinate to seed the pseudo random number generator.
         Starting OpenBSD Secure Shell server...
[[0;32m  OK  [0m] Started OpenBSD Secure Shell server.
[[0;32m  OK  [0m] Created slice User Slice of vagrant.
         Starting User Manager for UID 1000...
[[0;32m  OK  [0m] Started Session 1 of user vagrant.

Ubuntu 18.04.4 LTS ubuntu-bionic ttyS0

ubuntu-bionic login: [   40.894899] cloud-init[1598]: Cloud-init v. 19.4-33-gbb4131a2-0ubuntu1~18.04.1 running 'modules:config' at Sun, 10 May 2020 14:42:01 +0000. Up 38.67 seconds.
ci-info: no authorized SSH keys fingerprints found for user ubuntu.
<14>May 10 14:42:04 ec2: 
<14>May 10 14:42:04 ec2: #############################################################
<14>May 10 14:42:04 ec2: -----BEGIN SSH HOST KEY FINGERPRINTS-----
<14>May 10 14:42:04 ec2: 1024 SHA256:A47EOgp2UzhEltLAWL2Kuzu7Bpn2a7xw+GzQMVd6Luo root@ubuntu-bionic (DSA)
<14>May 10 14:42:04 ec2: 256 SHA256:CQD1MB5xiaezaG7JpaN+f/jBS78nzdqEd0oblaKo2S0 root@ubuntu-bionic (ECDSA)
<14>May 10 14:42:04 ec2: 256 SHA256:MrWkhEDNDiScrDC7q5WVFDnFtmWGKTfLHt8zH9QxbNI root@ubuntu-bionic (ED25519)
<14>May 10 14:42:04 ec2: 2048 SHA256:p8gNRwiN/Q5bOMrtND5d6Ejs9tF1t1XfRStHi+mVUs8 root@ubuntu-bionic (RSA)
<14>May 10 14:42:04 ec2: -----END SSH HOST KEY FINGERPRINTS-----
<14>May 10 14:42:04 ec2: #############################################################
-----BEGIN SSH HOST KEY KEYS-----
ecdsa-sha2-nistp256 AAAAE2VjZHNhLXNoYTItbmlzdHAyNTYAAAAIbmlzdHAyNTYAAABBBPTZIQpvCJNeMNYZZJtaz+oMnTs309LDm27ms7wo4+Wy+D0rFxYkgQYxuccis7RNjUczJVgx0Qmrw4PDYLV2iLc= root@ubuntu-bionic
ssh-ed25519 AAAAC3NzaC1lZDI1NTE5AAAAIJ+89fr11MGugUrXk7kez3fUqQWik6StctaqYJKC9Ayj root@ubuntu-bionic
ssh-rsa AAAAB3NzaC1yc2EAAAADAQABAAABAQC+LFDk7R3SJJf3nIkYh7CBawlvgTMft1VW2VMYDy9gnLTb2T1/PwcTvTPdDQa9O/kGXEYDcBnRtJ0BSIr7z2NmWctBqGlKVN0PP3ftXcl4PZtzr82WLGxa0US4fU9RGUpK1E0KIcTCa44xzRyzF5thrHKrvZ2EYY5a5kdpF5GyzEtVlpPEEMCI4rV1IzneuIol7xT4ruRLC7gQWCaGeVg4hmbHszWcNe6tfvcS/Z/+0ZfpKSLlapoo9KkiacwmXR5P9NmzKfGi2ap6GxW8prHdgszO/fWasyP1aY4zIFoF7+wvYn+OtP9y/usPpsWxMY+nmNNG79oO12Q8pKGOjsxV root@ubuntu-bionic
-----END SSH HOST KEY KEYS-----
[   42.288810] cloud-init[1775]: Cloud-init v. 19.4-33-gbb4131a2-0ubuntu1~18.04.1 running 'modules:final' at Sun, 10 May 2020 14:42:04 +0000. Up 41.92 seconds.
[   42.293093] cloud-init[1775]: ci-info: no authorized SSH keys fingerprints found for user ubuntu.
[   42.295974] cloud-init[1775]: Cloud-init v. 19.4-33-gbb4131a2-0ubuntu1~18.04.1 finished at Sun, 10 May 2020 14:42:04 +0000. Datasource DataSourceNoCloud [seed=/dev/sdb][dsmode=net].  Up 42.25 seconds
